\BOOKMARK [0][-]{chapter.1}{\376\377\000N\000a\000m\000e\000s\000p\000a\000c\000e\000\040\000I\000n\000d\000e\000x}{}% 1
\BOOKMARK [1][-]{section.1.1}{\376\377\000P\000a\000c\000k\000a\000g\000e\000s}{chapter.1}% 2
\BOOKMARK [0][-]{chapter.2}{\376\377\000C\000l\000a\000s\000s\000\040\000I\000n\000d\000e\000x}{}% 3
\BOOKMARK [1][-]{section.2.1}{\376\377\000C\000l\000a\000s\000s\000\040\000L\000i\000s\000t}{chapter.2}% 4
\BOOKMARK [0][-]{chapter.3}{\376\377\000F\000i\000l\000e\000\040\000I\000n\000d\000e\000x}{}% 5
\BOOKMARK [1][-]{section.3.1}{\376\377\000F\000i\000l\000e\000\040\000L\000i\000s\000t}{chapter.3}% 6
\BOOKMARK [0][-]{chapter.4}{\376\377\000N\000a\000m\000e\000s\000p\000a\000c\000e\000\040\000D\000o\000c\000u\000m\000e\000n\000t\000a\000t\000i\000o\000n}{}% 7
\BOOKMARK [1][-]{section.4.1}{\376\377\000P\000a\000c\000k\000a\000g\000e\000\040\000o\000r\000g}{chapter.4}% 8
\BOOKMARK [1][-]{section.4.2}{\376\377\000P\000a\000c\000k\000a\000g\000e\000\040\000o\000r\000g\000.\000l\000e\000o\000l\000o}{chapter.4}% 9
\BOOKMARK [1][-]{section.4.3}{\376\377\000P\000a\000c\000k\000a\000g\000e\000\040\000o\000r\000g\000.\000l\000e\000o\000l\000o\000.\000f\000y\000p}{chapter.4}% 10
\BOOKMARK [1][-]{section.4.4}{\376\377\000P\000a\000c\000k\000a\000g\000e\000\040\000o\000r\000g\000.\000l\000e\000o\000l\000o\000.\000f\000y\000p\000.\000u\000t\000i\000l}{chapter.4}% 11
\BOOKMARK [0][-]{chapter.5}{\376\377\000C\000l\000a\000s\000s\000\040\000D\000o\000c\000u\000m\000e\000n\000t\000a\000t\000i\000o\000n}{}% 12
\BOOKMARK [1][-]{section.5.1}{\376\377\000o\000r\000g\000.\000l\000e\000o\000l\000o\000.\000f\000y\000p\000.\000u\000t\000i\000l\000.\000K\000e\000y\000w\000o\000r\000d\000L\000i\000s\000t\000\040\000C\000l\000a\000s\000s\000\040\000R\000e\000f\000e\000r\000e\000n\000c\000e}{chapter.5}% 13
\BOOKMARK [2][-]{subsection.5.1.1}{\376\377\000D\000e\000t\000a\000i\000l\000e\000d\000\040\000D\000e\000s\000c\000r\000i\000p\000t\000i\000o\000n}{section.5.1}% 14
\BOOKMARK [2][-]{subsection.5.1.2}{\376\377\000C\000o\000n\000s\000t\000r\000u\000c\000t\000o\000r\000\040\000\046\000\040\000D\000e\000s\000t\000r\000u\000c\000t\000o\000r\000\040\000D\000o\000c\000u\000m\000e\000n\000t\000a\000t\000i\000o\000n}{section.5.1}% 15
\BOOKMARK [3][-]{subsubsection.5.1.2.1}{\376\377\000K\000e\000y\000w\000o\000r\000d\000L\000i\000s\000t}{subsection.5.1.2}% 16
\BOOKMARK [2][-]{subsection.5.1.3}{\376\377\000M\000e\000m\000b\000e\000r\000\040\000F\000u\000n\000c\000t\000i\000o\000n\000\040\000D\000o\000c\000u\000m\000e\000n\000t\000a\000t\000i\000o\000n}{section.5.1}% 17
\BOOKMARK [3][-]{subsubsection.5.1.3.1}{\376\377\000c\000o\000u\000n\000t}{subsection.5.1.3}% 18
\BOOKMARK [3][-]{subsubsection.5.1.3.2}{\376\377\000g\000e\000t}{subsection.5.1.3}% 19
\BOOKMARK [1][-]{section.5.2}{\376\377\000o\000r\000g\000.\000l\000e\000o\000l\000o\000.\000f\000y\000p\000.\000u\000t\000i\000l\000.\000P\000o\000s\000t\000R\000a\000n\000k\000e\000r\000\040\000C\000l\000a\000s\000s\000\040\000R\000e\000f\000e\000r\000e\000n\000c\000e}{chapter.5}% 20
\BOOKMARK [2][-]{subsection.5.2.1}{\376\377\000D\000e\000t\000a\000i\000l\000e\000d\000\040\000D\000e\000s\000c\000r\000i\000p\000t\000i\000o\000n}{section.5.2}% 21
\BOOKMARK [2][-]{subsection.5.2.2}{\376\377\000C\000o\000n\000s\000t\000r\000u\000c\000t\000o\000r\000\040\000\046\000\040\000D\000e\000s\000t\000r\000u\000c\000t\000o\000r\000\040\000D\000o\000c\000u\000m\000e\000n\000t\000a\000t\000i\000o\000n}{section.5.2}% 22
\BOOKMARK [3][-]{subsubsection.5.2.2.1}{\376\377\000P\000o\000s\000t\000R\000a\000n\000k\000e\000r}{subsection.5.2.2}% 23
\BOOKMARK [2][-]{subsection.5.2.3}{\376\377\000M\000e\000m\000b\000e\000r\000\040\000F\000u\000n\000c\000t\000i\000o\000n\000\040\000D\000o\000c\000u\000m\000e\000n\000t\000a\000t\000i\000o\000n}{section.5.2}% 24
\BOOKMARK [3][-]{subsubsection.5.2.3.1}{\376\377\000r\000a\000n\000k}{subsection.5.2.3}% 25
\BOOKMARK [3][-]{subsubsection.5.2.3.2}{\376\377\000r\000a\000n\000k}{subsection.5.2.3}% 26
\BOOKMARK [1][-]{section.5.3}{\376\377\000P\000o\000s\000t\000R\000a\000n\000k\000e\000r\000D\000r\000i\000v\000e\000r\000\040\000C\000l\000a\000s\000s\000\040\000R\000e\000f\000e\000r\000e\000n\000c\000e}{chapter.5}% 27
\BOOKMARK [2][-]{subsection.5.3.1}{\376\377\000D\000e\000t\000a\000i\000l\000e\000d\000\040\000D\000e\000s\000c\000r\000i\000p\000t\000i\000o\000n}{section.5.3}% 28
\BOOKMARK [2][-]{subsection.5.3.2}{\376\377\000M\000e\000m\000b\000e\000r\000\040\000F\000u\000n\000c\000t\000i\000o\000n\000\040\000D\000o\000c\000u\000m\000e\000n\000t\000a\000t\000i\000o\000n}{section.5.3}% 29
\BOOKMARK [3][-]{subsubsection.5.3.2.1}{\376\377\000m\000a\000i\000n}{subsection.5.3.2}% 30
\BOOKMARK [0][-]{chapter.6}{\376\377\000F\000i\000l\000e\000\040\000D\000o\000c\000u\000m\000e\000n\000t\000a\000t\000i\000o\000n}{}% 31
\BOOKMARK [1][-]{section.6.1}{\376\377\000s\000r\000c\000/\000o\000r\000g\000/\000l\000e\000o\000l\000o\000/\000f\000y\000p\000/\000u\000t\000i\000l\000/\000K\000e\000y\000w\000o\000r\000d\000L\000i\000s\000t\000.\000j\000a\000v\000a\000\040\000F\000i\000l\000e\000\040\000R\000e\000f\000e\000r\000e\000n\000c\000e}{chapter.6}% 32
\BOOKMARK [1][-]{section.6.2}{\376\377\000s\000r\000c\000/\000o\000r\000g\000/\000l\000e\000o\000l\000o\000/\000f\000y\000p\000/\000u\000t\000i\000l\000/\000K\000e\000y\000w\000o\000r\000d\000S\000e\000a\000r\000c\000h\000e\000r\000.\000j\000a\000v\000a\000\040\000F\000i\000l\000e\000\040\000R\000e\000f\000e\000r\000e\000n\000c\000e}{chapter.6}% 33
\BOOKMARK [1][-]{section.6.3}{\376\377\000s\000r\000c\000/\000o\000r\000g\000/\000l\000e\000o\000l\000o\000/\000f\000y\000p\000/\000u\000t\000i\000l\000/\000K\000e\000y\000w\000o\000r\000d\000T\000y\000p\000e\000.\000j\000a\000v\000a\000\040\000F\000i\000l\000e\000\040\000R\000e\000f\000e\000r\000e\000n\000c\000e}{chapter.6}% 34
\BOOKMARK [1][-]{section.6.4}{\376\377\000s\000r\000c\000/\000o\000r\000g\000/\000l\000e\000o\000l\000o\000/\000f\000y\000p\000/\000u\000t\000i\000l\000/\000P\000o\000s\000t\000R\000a\000n\000k\000e\000r\000.\000j\000a\000v\000a\000\040\000F\000i\000l\000e\000\040\000R\000e\000f\000e\000r\000e\000n\000c\000e}{chapter.6}% 35
\BOOKMARK [1][-]{section.6.5}{\376\377\000s\000r\000c\000/\000o\000r\000g\000/\000l\000e\000o\000l\000o\000/\000f\000y\000p\000/\000u\000t\000i\000l\000/\000W\000o\000r\000d\000C\000o\000u\000n\000t\000T\000h\000r\000e\000a\000d\000.\000j\000a\000v\000a\000\040\000F\000i\000l\000e\000\040\000R\000e\000f\000e\000r\000e\000n\000c\000e}{chapter.6}% 36
\BOOKMARK [1][-]{section.6.6}{\376\377\000s\000r\000c\000/\000P\000o\000s\000t\000R\000a\000n\000k\000e\000r\000D\000r\000i\000v\000e\000r\000.\000j\000a\000v\000a\000\040\000F\000i\000l\000e\000\040\000R\000e\000f\000e\000r\000e\000n\000c\000e}{chapter.6}% 37
\BOOKMARK [-1][-]{section*.20}{\376\377\000I\000n\000d\000e\000x}{}% 38
